# JRE version: OpenJDK Runtime Environment Temurin-21.0.10+7 (21.0.10+7) (build 21.0.10+7-LTS)
# Java VM: OpenJDK 64-Bit Server VM Temurin-21.0.10+7 (21.0.10+7-LTS, mixed mode, sharing, tiered, compressed oops, compressed class ptrs, parallel gc, windows-amd64)
GC Precious Log:
 CardTable entry size: 512
 CPUs: 8 total, 8 available
 Memory: 16107M
 Large Page Support: Disabled
 NUMA Support: Disabled
 Compressed Oops: Enabled (32-bit)
 Alignments: Space 512K, Generation 512K, Heap 2M
 Heap Min Capacity: 100M
 Heap Initial Capacity: 100M
 Heap Max Capacity: 2G
 Pre-touch: Disabled
 Parallel Workers: 8
Heap:
 PSYoungGen      total 3072K, used 2243K [0x00000000d5580000, 0x00000000d5a80000, 0x0000000100000000)
  eden space 2048K, 76% used [0x00000000d5580000,0x00000000d5707d70,0x00000000d5780000)
  from space 1024K, 66% used [0x00000000d5800000,0x00000000d58a91d0,0x00000000d5900000)
  to   space 1536K, 0% used [0x00000000d5900000,0x00000000d5900000,0x00000000d5a80000)
 ParOldGen       total 844288K, used 261290K [0x0000000080000000, 0x00000000b3880000, 0x00000000d5580000)
  object space 844288K, 30% used [0x0000000080000000,0x000000008ff2a910,0x00000000b3880000)
 Metaspace       used 82207K, committed 84224K, reserved 1179648K
  class space    used 8298K, committed 9216K, reserved 1048576K
GC Heap History (20 events):
Event: 30130.479 GC heap before
{Heap before GC invocations=2249 (full 5):
 PSYoungGen      total 2560K, used 2538K [0x00000000d5580000, 0x00000000d5980000, 0x0000000100000000)
  eden space 2048K, 100% used [0x00000000d5580000,0x00000000d5780000,0x00000000d5780000)
  from space 512K, 95% used [0x00000000d5800000,0x00000000d587a930,0x00000000d5880000)
  to   space 1024K, 0% used [0x00000000d5880000,0x00000000d5880000,0x00000000d5980000)
 ParOldGen       total 844288K, used 256231K [0x0000000080000000, 0x00000000b3880000, 0x00000000d5580000)
  object space 844288K, 30% used [0x0000000080000000,0x000000008fa39ee8,0x00000000b3880000)
 Metaspace       used 82034K, committed 84096K, reserved 1179648K
  class space    used 8297K, committed 9216K, reserved 1048576K
}
Event: 30130.483 GC heap after
{Heap after GC invocations=2249 (full 5):
 PSYoungGen      total 3072K, used 544K [0x00000000d5580000, 0x00000000d5980000, 0x0000000100000000)
  eden space 2048K, 0% used [0x00000000d5580000,0x00000000d5580000,0x00000000d5780000)
  from space 1024K, 53% used [0x00000000d5880000,0x00000000d5908000,0x00000000d5980000)
  to   space 1024K, 0% used [0x00000000d5780000,0x00000000d5780000,0x00000000d5880000)
 ParOldGen       total 844288K, used 256593K [0x0000000080000000, 0x00000000b3880000, 0x00000000d5580000)
  object space 844288K, 30% used [0x0000000080000000,0x000000008fa94638,0x00000000b3880000)
 Metaspace       used 82034K, committed 84096K, reserved 1179648K
  class space    used 8297K, committed 9216K, reserved 1048576K
}
Event: 30130.506 GC heap before
{Heap before GC invocations=2250 (full 5):
 PSYoungGen      total 3072K, used 2591K [0x00000000d5580000, 0x00000000d5980000, 0x0000000100000000)
  eden space 2048K, 99% used [0x00000000d5580000,0x00000000d577ffe8,0x00000000d5780000)
  from space 1024K, 53% used [0x00000000d5880000,0x00000000d5908000,0x00000000d5980000)
  to   space 1024K, 0% used [0x00000000d5780000,0x00000000d5780000,0x00000000d5880000)
 ParOldGen       total 844288K, used 256593K [0x0000000080000000, 0x00000000b3880000, 0x00000000d5580000)
  object space 844288K, 30% used [0x0000000080000000,0x000000008fa94638,0x00000000b3880000)
 Metaspace       used 82169K, committed 84224K, reserved 1179648K
  class space    used 8297K, committed 9216K, reserved 1048576K
}
Event: 30130.508 GC heap after
{Heap after GC invocations=2250 (full 5):
 PSYoungGen      total 3072K, used 384K [0x00000000d5580000, 0x00000000d5900000, 0x0000000100000000)
  eden space 2048K, 0% used [0x00000000d5580000,0x00000000d5580000,0x00000000d5780000)
  from space 1024K, 37% used [0x00000000d5780000,0x00000000d57e0000,0x00000000d5880000)
  to   space 512K, 0% used [0x00000000d5880000,0x00000000d5880000,0x00000000d5900000)
 ParOldGen       total 844288K, used 257021K [0x0000000080000000, 0x00000000b3880000, 0x00000000d5580000)
  object space 844288K, 30% used [0x0000000080000000,0x000000008faff450,0x00000000b3880000)
 Metaspace       used 82169K, committed 84224K, reserved 1179648K
  class space    used 8297K, committed 9216K, reserved 1048576K
}
Event: 30132.435 GC heap before
{Heap before GC invocations=2251 (full 5):
 PSYoungGen      total 3072K, used 2431K [0x00000000d5580000, 0x00000000d5900000, 0x0000000100000000)
  eden space 2048K, 99% used [0x00000000d5580000,0x00000000d577ff28,0x00000000d5780000)
  from space 1024K, 37% used [0x00000000d5780000,0x00000000d57e0000,0x00000000d5880000)
  to   space 512K, 0% used [0x00000000d5880000,0x00000000d5880000,0x00000000d5900000)
 ParOldGen       total 844288K, used 257021K [0x0000000080000000, 0x00000000b3880000, 0x00000000d5580000)
  object space 844288K, 30% used [0x0000000080000000,0x000000008faff450,0x00000000b3880000)
 Metaspace       used 82182K, committed 84224K, reserved 1179648K
  class space    used 8298K, committed 9216K, reserved 1048576K
}
Event: 30132.437 GC heap after
{Heap after GC invocations=2251 (full 5):
 PSYoungGen      total 2560K, used 320K [0x00000000d5580000, 0x00000000d5900000, 0x0000000100000000)
  eden space 2048K, 0% used [0x00000000d5580000,0x00000000d5580000,0x00000000d5780000)
  from space 512K, 62% used [0x00000000d5880000,0x00000000d58d0000,0x00000000d5900000)
  to   space 512K, 0% used [0x00000000d5800000,0x00000000d5800000,0x00000000d5880000)
 ParOldGen       total 844288K, used 257287K [0x0000000080000000, 0x00000000b3880000, 0x00000000d5580000)
  object space 844288K, 30% used [0x0000000080000000,0x000000008fb41e60,0x00000000b3880000)
 Metaspace       used 82182K, committed 84224K, reserved 1179648K
  class space    used 8298K, committed 9216K, reserved 1048576K
}
Event: 30132.498 GC heap before
{Heap before GC invocations=2252 (full 5):
 PSYoungGen      total 2560K, used 2352K [0x00000000d5580000, 0x00000000d5900000, 0x0000000100000000)
  eden space 2048K, 99% used [0x00000000d5580000,0x00000000d577c2e8,0x00000000d5780000)
  from space 512K, 62% used [0x00000000d5880000,0x00000000d58d0000,0x00000000d5900000)
  to   space 512K, 0% used [0x00000000d5800000,0x00000000d5800000,0x00000000d5880000)
 ParOldGen       total 844288K, used 257287K [0x0000000080000000, 0x00000000b3880000, 0x00000000d5580000)
  object space 844288K, 30% used [0x0000000080000000,0x000000008fb41e60,0x00000000b3880000)
 Metaspace       used 82185K, committed 84224K, reserved 1179648K
  class space    used 8298K, committed 9216K, reserved 1048576K
}
Event: 30132.501 GC heap after
{Heap after GC invocations=2252 (full 5):
 PSYoungGen      total 2560K, used 276K [0x00000000d5580000, 0x00000000d5900000, 0x0000000100000000)
  eden space 2048K, 0% used [0x00000000d5580000,0x00000000d5580000,0x00000000d5780000)
  from space 512K, 54% used [0x00000000d5800000,0x00000000d5845200,0x00000000d5880000)
  to   space 512K, 0% used [0x00000000d5880000,0x00000000d5880000,0x00000000d5900000)
 ParOldGen       total 844288K, used 257362K [0x0000000080000000, 0x00000000b3880000, 0x00000000d5580000)
  object space 844288K, 30% used [0x0000000080000000,0x000000008fb54a48,0x00000000b3880000)
 Metaspace       used 82185K, committed 84224K, reserved 1179648K
  class space    used 8298K, committed 9216K, reserved 1048576K
}
Event: 30133.661 GC heap before
{Heap before GC invocations=2253 (full 5):
 PSYoungGen      total 2560K, used 2309K [0x00000000d5580000, 0x00000000d5900000, 0x0000000100000000)
  eden space 2048K, 99% used [0x00000000d5580000,0x00000000d577c410,0x00000000d5780000)
  from space 512K, 54% used [0x00000000d5800000,0x00000000d5845200,0x00000000d5880000)
  to   space 512K, 0% used [0x00000000d5880000,0x00000000d5880000,0x00000000d5900000)
 ParOldGen       total 844288K, used 257362K [0x0000000080000000, 0x00000000b3880000, 0x00000000d5580000)
  object space 844288K, 30% used [0x0000000080000000,0x000000008fb54a48,0x00000000b3880000)
 Metaspace       used 82187K, committed 84224K, reserved 1179648K
  class space    used 8298K, committed 9216K, reserved 1048576K
}
Event: 30133.663 GC heap after
{Heap after GC invocations=2253 (full 5):
 PSYoungGen      total 2560K, used 192K [0x00000000d5580000, 0x00000000d5900000, 0x0000000100000000)
  eden space 2048K, 0% used [0x00000000d5580000,0x00000000d5580000,0x00000000d5780000)
  from space 512K, 37% used [0x00000000d5880000,0x00000000d58b0000,0x00000000d5900000)
  to   space 512K, 0% used [0x00000000d5800000,0x00000000d5800000,0x00000000d5880000)
 ParOldGen       total 844288K, used 257559K [0x0000000080000000, 0x00000000b3880000, 0x00000000d5580000)
  object space 844288K, 30% used [0x0000000080000000,0x000000008fb85c58,0x00000000b3880000)
 Metaspace       used 82187K, committed 84224K, reserved 1179648K
  class space    used 8298K, committed 9216K, reserved 1048576K
}
Event: 30141.971 GC heap before
{Heap before GC invocations=2254 (full 5):
 PSYoungGen      total 2560K, used 2239K [0x00000000d5580000, 0x00000000d5900000, 0x0000000100000000)
  eden space 2048K, 99% used [0x00000000d5580000,0x00000000d577fe58,0x00000000d5780000)
  from space 512K, 37% used [0x00000000d5880000,0x00000000d58b0000,0x00000000d5900000)
  to   space 512K, 0% used [0x00000000d5800000,0x00000000d5800000,0x00000000d5880000)
 ParOldGen       total 844288K, used 257559K [0x0000000080000000, 0x00000000b3880000, 0x00000000d5580000)
  object space 844288K, 30% used [0x0000000080000000,0x000000008fb85c58,0x00000000b3880000)
 Metaspace       used 82189K, committed 84224K, reserved 1179648K
  class space    used 8298K, committed 9216K, reserved 1048576K
}
Event: 30141.974 GC heap after
{Heap after GC invocations=2254 (full 5):
 PSYoungGen      total 2560K, used 192K [0x00000000d5580000, 0x00000000d5900000, 0x0000000100000000)
  eden space 2048K, 0% used [0x00000000d5580000,0x00000000d5580000,0x00000000d5780000)
  from space 512K, 37% used [0x00000000d5800000,0x00000000d5830000,0x00000000d5880000)
  to   space 512K, 0% used [0x00000000d5880000,0x00000000d5880000,0x00000000d5900000)
 ParOldGen       total 844288K, used 257659K [0x0000000080000000, 0x00000000b3880000, 0x00000000d5580000)
  object space 844288K, 30% used [0x0000000080000000,0x000000008fb9ec68,0x00000000b3880000)
 Metaspace       used 82189K, committed 84224K, reserved 1179648K
  class space    used 8298K, committed 9216K, reserved 1048576K
}
Event: 30143.136 GC heap before
{Heap before GC invocations=2255 (full 5):
 PSYoungGen      total 2560K, used 2176K [0x00000000d5580000, 0x00000000d5900000, 0x0000000100000000)
  eden space 2048K, 96% used [0x00000000d5580000,0x00000000d5770390,0x00000000d5780000)
  from space 512K, 37% used [0x00000000d5800000,0x00000000d5830000,0x00000000d5880000)
  to   space 512K, 0% used [0x00000000d5880000,0x00000000d5880000,0x00000000d5900000)
 ParOldGen       total 844288K, used 257659K [0x0000000080000000, 0x00000000b3880000, 0x00000000d5580000)
  object space 844288K, 30% used [0x0000000080000000,0x000000008fb9ec68,0x00000000b3880000)
 Metaspace       used 82189K, committed 84224K, reserved 1179648K
  class space    used 8298K, committed 9216K, reserved 1048576K
}
Event: 30143.138 GC heap after
{Heap after GC invocations=2255 (full 5):
 PSYoungGen      total 2560K, used 449K [0x00000000d5580000, 0x00000000d5900000, 0x0000000100000000)
  eden space 2048K, 0% used [0x00000000d5580000,0x00000000d5580000,0x00000000d5780000)
  from space 512K, 87% used [0x00000000d5880000,0x00000000d58f0460,0x00000000d5900000)
  to   space 512K, 0% used [0x00000000d5800000,0x00000000d5800000,0x00000000d5880000)
 ParOldGen       total 844288K, used 257715K [0x0000000080000000, 0x00000000b3880000, 0x00000000d5580000)
  object space 844288K, 30% used [0x0000000080000000,0x000000008fbacc68,0x00000000b3880000)
 Metaspace       used 82189K, committed 84224K, reserved 1179648K
  class space    used 8298K, committed 9216K, reserved 1048576K
}
Event: 30143.157 GC heap before
{Heap before GC invocations=2256 (full 5):
 PSYoungGen      total 2560K, used 2435K [0x00000000d5580000, 0x00000000d5900000, 0x0000000100000000)
  eden space 2048K, 96% used [0x00000000d5580000,0x00000000d5770a08,0x00000000d5780000)
  from space 512K, 87% used [0x00000000d5880000,0x00000000d58f0460,0x00000000d5900000)
  to   space 512K, 0% used [0x00000000d5800000,0x00000000d5800000,0x00000000d5880000)
 ParOldGen       total 844288K, used 257715K [0x0000000080000000, 0x00000000b3880000, 0x00000000d5580000)
  object space 844288K, 30% used [0x0000000080000000,0x000000008fbacc68,0x00000000b3880000)
 Metaspace       used 82189K, committed 84224K, reserved 1179648K
  class space    used 8298K, committed 9216K, reserved 1048576K
}
Event: 30143.161 GC heap after
{Heap after GC invocations=2256 (full 5):
 PSYoungGen      total 2560K, used 494K [0x00000000d5580000, 0x00000000d5c80000, 0x0000000100000000)
  eden space 2048K, 0% used [0x00000000d5580000,0x00000000d5580000,0x00000000d5780000)
  from space 512K, 96% used [0x00000000d5800000,0x00000000d587baf0,0x00000000d5880000)
  to   space 2560K, 0% used [0x00000000d5a00000,0x00000000d5a00000,0x00000000d5c80000)
 ParOldGen       total 844288K, used 259186K [0x0000000080000000, 0x00000000b3880000, 0x00000000d5580000)
  object space 844288K, 30% used [0x0000000080000000,0x000000008fd1c990,0x00000000b3880000)
 Metaspace       used 82189K, committed 84224K, reserved 1179648K
  class space    used 8298K, committed 9216K, reserved 1048576K
}
Event: 30143.178 GC heap before
{Heap before GC invocations=2257 (full 5):
 PSYoungGen      total 2560K, used 2541K [0x00000000d5580000, 0x00000000d5c80000, 0x0000000100000000)
  eden space 2048K, 99% used [0x00000000d5580000,0x00000000d577fa30,0x00000000d5780000)
  from space 512K, 96% used [0x00000000d5800000,0x00000000d587baf0,0x00000000d5880000)
  to   space 2560K, 0% used [0x00000000d5a00000,0x00000000d5a00000,0x00000000d5c80000)
 ParOldGen       total 844288K, used 259186K [0x0000000080000000, 0x00000000b3880000, 0x00000000d5580000)
  object space 844288K, 30% used [0x0000000080000000,0x000000008fd1c990,0x00000000b3880000)
 Metaspace       used 82191K, committed 84224K, reserved 1179648K
  class space    used 8298K, committed 9216K, reserved 1048576K
}
Event: 30143.180 GC heap after
{Heap after GC invocations=2257 (full 5):
 PSYoungGen      total 4096K, used 1736K [0x00000000d5580000, 0x00000000d5c00000, 0x0000000100000000)
  eden space 2048K, 0% used [0x00000000d5580000,0x00000000d5580000,0x00000000d5780000)
  from space 2048K, 84% used [0x00000000d5a00000,0x00000000d5bb21a8,0x00000000d5c00000)
  to   space 2048K, 0% used [0x00000000d5800000,0x00000000d5800000,0x00000000d5a00000)
 ParOldGen       total 844288K, used 259708K [0x0000000080000000, 0x00000000b3880000, 0x00000000d5580000)
  object space 844288K, 30% used [0x0000000080000000,0x000000008fd9f070,0x00000000b3880000)
 Metaspace       used 82191K, committed 84224K, reserved 1179648K
  class space    used 8298K, committed 9216K, reserved 1048576K
}
Event: 30144.705 GC heap before
{Heap before GC invocations=2258 (full 5):
 PSYoungGen      total 4096K, used 3738K [0x00000000d5580000, 0x00000000d5c00000, 0x0000000100000000)
  eden space 2048K, 97% used [0x00000000d5580000,0x00000000d57747b0,0x00000000d5780000)
  from space 2048K, 84% used [0x00000000d5a00000,0x00000000d5bb21a8,0x00000000d5c00000)
  to   space 2048K, 0% used [0x00000000d5800000,0x00000000d5800000,0x00000000d5a00000)
 ParOldGen       total 844288K, used 259708K [0x0000000080000000, 0x00000000b3880000, 0x00000000d5580000)
  object space 844288K, 30% used [0x0000000080000000,0x000000008fd9f070,0x00000000b3880000)
 Metaspace       used 82197K, committed 84224K, reserved 1179648K
  class space    used 8298K, committed 9216K, reserved 1048576K
}
Event: 30144.712 GC heap after
{Heap after GC invocations=2258 (full 5):
 PSYoungGen      total 3072K, used 676K [0x00000000d5580000, 0x00000000d5a80000, 0x0000000100000000)
  eden space 2048K, 0% used [0x00000000d5580000,0x00000000d5580000,0x00000000d5780000)
  from space 1024K, 66% used [0x00000000d5800000,0x00000000d58a91d0,0x00000000d5900000)
  to   space 1536K, 0% used [0x00000000d5900000,0x00000000d5900000,0x00000000d5a80000)
 ParOldGen       total 844288K, used 261290K [0x0000000080000000, 0x00000000b3880000, 0x00000000d5580000)
  object space 844288K, 30% used [0x0000000080000000,0x000000008ff2a910,0x00000000b3880000)
 Metaspace       used 82197K, committed 84224K, reserved 1179648K
  class space    used 8298K, committed 9216K, reserved 1048576K
}

