# JRE version: OpenJDK Runtime Environment Temurin-21.0.10+7 (21.0.10+7) (build 21.0.10+7-LTS)
# Java VM: OpenJDK 64-Bit Server VM Temurin-21.0.10+7 (21.0.10+7-LTS, mixed mode, sharing, tiered, compressed oops, compressed class ptrs, parallel gc, windows-amd64)
GC Precious Log:
 CardTable entry size: 512
 CPUs: 8 total, 8 available
 Memory: 16107M
 Large Page Support: Disabled
 NUMA Support: Disabled
 Compressed Oops: Enabled (32-bit)
 Alignments: Space 512K, Generation 512K, Heap 2M
 Heap Min Capacity: 100M
 Heap Initial Capacity: 100M
 Heap Max Capacity: 2G
 Pre-touch: Disabled
 Parallel Workers: 8
Heap:
 PSYoungGen      total 9216K, used 9206K [0x00000000d5580000, 0x00000000d6180000, 0x0000000100000000)
  eden space 8192K, 100% used [0x00000000d5580000,0x00000000d5d80000,0x00000000d5d80000)
  from space 1024K, 99% used [0x00000000d5e00000,0x00000000d5efd9b8,0x00000000d5f00000)
  to   space 2048K, 32% used [0x00000000d5f80000,0x00000000d6028000,0x00000000d6180000)
 ParOldGen       total 479744K, used 479741K [0x0000000080000000, 0x000000009d480000, 0x00000000d5580000)
  object space 479744K, 99% used [0x0000000080000000,0x000000009d47f520,0x000000009d480000)
 Metaspace       used 65101K, committed 66624K, reserved 1114112K
  class space    used 6701K, committed 7360K, reserved 1048576K
GC Heap History (20 events):
Event: 102.187 GC heap after
{Heap after GC invocations=1321 (full 3):
 PSYoungGen      total 9216K, used 690K [0x00000000d5580000, 0x00000000d5f80000, 0x0000000100000000)
  eden space 8192K, 0% used [0x00000000d5580000,0x00000000d5580000,0x00000000d5d80000)
  from space 1024K, 67% used [0x00000000d5e80000,0x00000000d5f2cbb0,0x00000000d5f80000)
  to   space 1024K, 0% used [0x00000000d5d80000,0x00000000d5d80000,0x00000000d5e80000)
 ParOldGen       total 476672K, used 476610K [0x0000000080000000, 0x000000009d180000, 0x00000000d5580000)
  object space 476672K, 99% used [0x0000000080000000,0x000000009d170a48,0x000000009d180000)
 Metaspace       used 65007K, committed 66560K, reserved 1114112K
  class space    used 6693K, committed 7360K, reserved 1048576K
}
Event: 102.204 GC heap before
{Heap before GC invocations=1322 (full 3):
 PSYoungGen      total 9216K, used 8882K [0x00000000d5580000, 0x00000000d5f80000, 0x0000000100000000)
  eden space 8192K, 100% used [0x00000000d5580000,0x00000000d5d80000,0x00000000d5d80000)
  from space 1024K, 67% used [0x00000000d5e80000,0x00000000d5f2cbb0,0x00000000d5f80000)
  to   space 1024K, 0% used [0x00000000d5d80000,0x00000000d5d80000,0x00000000d5e80000)
 ParOldGen       total 476672K, used 476610K [0x0000000080000000, 0x000000009d180000, 0x00000000d5580000)
  object space 476672K, 99% used [0x0000000080000000,0x000000009d170a48,0x000000009d180000)
 Metaspace       used 65013K, committed 66560K, reserved 1114112K
  class space    used 6693K, committed 7360K, reserved 1048576K
}
Event: 102.206 GC heap after
{Heap after GC invocations=1322 (full 3):
 PSYoungGen      total 9216K, used 358K [0x00000000d5580000, 0x00000000d5f00000, 0x0000000100000000)
  eden space 8192K, 0% used [0x00000000d5580000,0x00000000d5580000,0x00000000d5d80000)
  from space 1024K, 35% used [0x00000000d5d80000,0x00000000d5dd9a30,0x00000000d5e80000)
  to   space 512K, 0% used [0x00000000d5e80000,0x00000000d5e80000,0x00000000d5f00000)
 ParOldGen       total 477184K, used 476937K [0x0000000080000000, 0x000000009d200000, 0x00000000d5580000)
  object space 477184K, 99% used [0x0000000080000000,0x000000009d1c2468,0x000000009d200000)
 Metaspace       used 65013K, committed 66560K, reserved 1114112K
  class space    used 6693K, committed 7360K, reserved 1048576K
}
Event: 102.236 GC heap before
{Heap before GC invocations=1323 (full 3):
 PSYoungGen      total 9216K, used 8550K [0x00000000d5580000, 0x00000000d5f00000, 0x0000000100000000)
  eden space 8192K, 100% used [0x00000000d5580000,0x00000000d5d80000,0x00000000d5d80000)
  from space 1024K, 35% used [0x00000000d5d80000,0x00000000d5dd9a30,0x00000000d5e80000)
  to   space 512K, 0% used [0x00000000d5e80000,0x00000000d5e80000,0x00000000d5f00000)
 ParOldGen       total 477184K, used 476937K [0x0000000080000000, 0x000000009d200000, 0x00000000d5580000)
  object space 477184K, 99% used [0x0000000080000000,0x000000009d1c2468,0x000000009d200000)
 Metaspace       used 65041K, committed 66624K, reserved 1114112K
  class space    used 6698K, committed 7360K, reserved 1048576K
}
Event: 102.238 GC heap after
{Heap after GC invocations=1323 (full 3):
 PSYoungGen      total 8704K, used 192K [0x00000000d5580000, 0x00000000d5f00000, 0x0000000100000000)
  eden space 8192K, 0% used [0x00000000d5580000,0x00000000d5580000,0x00000000d5d80000)
  from space 512K, 37% used [0x00000000d5e80000,0x00000000d5eb0000,0x00000000d5f00000)
  to   space 512K, 0% used [0x00000000d5e00000,0x00000000d5e00000,0x00000000d5e80000)
 ParOldGen       total 477184K, used 477017K [0x0000000080000000, 0x000000009d200000, 0x00000000d5580000)
  object space 477184K, 99% used [0x0000000080000000,0x000000009d1d6468,0x000000009d200000)
 Metaspace       used 65041K, committed 66624K, reserved 1114112K
  class space    used 6698K, committed 7360K, reserved 1048576K
}
Event: 102.279 GC heap before
{Heap before GC invocations=1324 (full 3):
 PSYoungGen      total 8704K, used 8384K [0x00000000d5580000, 0x00000000d5f00000, 0x0000000100000000)
  eden space 8192K, 100% used [0x00000000d5580000,0x00000000d5d80000,0x00000000d5d80000)
  from space 512K, 37% used [0x00000000d5e80000,0x00000000d5eb0000,0x00000000d5f00000)
  to   space 512K, 0% used [0x00000000d5e00000,0x00000000d5e00000,0x00000000d5e80000)
 ParOldGen       total 477184K, used 477017K [0x0000000080000000, 0x000000009d200000, 0x00000000d5580000)
  object space 477184K, 99% used [0x0000000080000000,0x000000009d1d6468,0x000000009d200000)
 Metaspace       used 65052K, committed 66624K, reserved 1114112K
  class space    used 6700K, committed 7360K, reserved 1048576K
}
Event: 102.282 GC heap after
{Heap after GC invocations=1324 (full 3):
 PSYoungGen      total 8704K, used 507K [0x00000000d5580000, 0x00000000d5f80000, 0x0000000100000000)
  eden space 8192K, 0% used [0x00000000d5580000,0x00000000d5580000,0x00000000d5d80000)
  from space 512K, 99% used [0x00000000d5e00000,0x00000000d5e7ec00,0x00000000d5e80000)
  to   space 1024K, 0% used [0x00000000d5e80000,0x00000000d5e80000,0x00000000d5f80000)
 ParOldGen       total 477696K, used 477197K [0x0000000080000000, 0x000000009d280000, 0x00000000d5580000)
  object space 477696K, 99% used [0x0000000080000000,0x000000009d2035e0,0x000000009d280000)
 Metaspace       used 65052K, committed 66624K, reserved 1114112K
  class space    used 6700K, committed 7360K, reserved 1048576K
}
Event: 102.303 GC heap before
{Heap before GC invocations=1325 (full 3):
 PSYoungGen      total 8704K, used 8699K [0x00000000d5580000, 0x00000000d5f80000, 0x0000000100000000)
  eden space 8192K, 100% used [0x00000000d5580000,0x00000000d5d80000,0x00000000d5d80000)
  from space 512K, 99% used [0x00000000d5e00000,0x00000000d5e7ec00,0x00000000d5e80000)
  to   space 1024K, 0% used [0x00000000d5e80000,0x00000000d5e80000,0x00000000d5f80000)
 ParOldGen       total 477696K, used 477197K [0x0000000080000000, 0x000000009d280000, 0x00000000d5580000)
  object space 477696K, 99% used [0x0000000080000000,0x000000009d2035e0,0x000000009d280000)
 Metaspace       used 65056K, committed 66624K, reserved 1114112K
  class space    used 6700K, committed 7360K, reserved 1048576K
}
Event: 102.306 GC heap after
{Heap after GC invocations=1325 (full 3):
 PSYoungGen      total 8704K, used 224K [0x00000000d5580000, 0x00000000d5f00000, 0x0000000100000000)
  eden space 8192K, 0% used [0x00000000d5580000,0x00000000d5580000,0x00000000d5d80000)
  from space 512K, 43% used [0x00000000d5e80000,0x00000000d5eb8000,0x00000000d5f00000)
  to   space 512K, 0% used [0x00000000d5e00000,0x00000000d5e00000,0x00000000d5e80000)
 ParOldGen       total 477696K, used 477646K [0x0000000080000000, 0x000000009d280000, 0x00000000d5580000)
  object space 477696K, 99% used [0x0000000080000000,0x000000009d273828,0x000000009d280000)
 Metaspace       used 65056K, committed 66624K, reserved 1114112K
  class space    used 6700K, committed 7360K, reserved 1048576K
}
Event: 102.336 GC heap before
{Heap before GC invocations=1326 (full 3):
 PSYoungGen      total 8704K, used 8209K [0x00000000d5580000, 0x00000000d5f00000, 0x0000000100000000)
  eden space 8192K, 97% used [0x00000000d5580000,0x00000000d5d4c678,0x00000000d5d80000)
  from space 512K, 43% used [0x00000000d5e80000,0x00000000d5eb8000,0x00000000d5f00000)
  to   space 512K, 0% used [0x00000000d5e00000,0x00000000d5e00000,0x00000000d5e80000)
 ParOldGen       total 477696K, used 477646K [0x0000000080000000, 0x000000009d280000, 0x00000000d5580000)
  object space 477696K, 99% used [0x0000000080000000,0x000000009d273828,0x000000009d280000)
 Metaspace       used 65067K, committed 66624K, reserved 1114112K
  class space    used 6700K, committed 7360K, reserved 1048576K
}
Event: 102.338 GC heap after
{Heap after GC invocations=1326 (full 3):
 PSYoungGen      total 8704K, used 416K [0x00000000d5580000, 0x00000000d5f00000, 0x0000000100000000)
  eden space 8192K, 0% used [0x00000000d5580000,0x00000000d5580000,0x00000000d5d80000)
  from space 512K, 81% used [0x00000000d5e00000,0x00000000d5e68000,0x00000000d5e80000)
  to   space 512K, 0% used [0x00000000d5e80000,0x00000000d5e80000,0x00000000d5f00000)
 ParOldGen       total 478208K, used 477733K [0x0000000080000000, 0x000000009d300000, 0x00000000d5580000)
  object space 478208K, 99% used [0x0000000080000000,0x000000009d2894a0,0x000000009d300000)
 Metaspace       used 65067K, committed 66624K, reserved 1114112K
  class space    used 6700K, committed 7360K, reserved 1048576K
}
Event: 102.368 GC heap before
{Heap before GC invocations=1327 (full 3):
 PSYoungGen      total 8704K, used 8608K [0x00000000d5580000, 0x00000000d5f00000, 0x0000000100000000)
  eden space 8192K, 100% used [0x00000000d5580000,0x00000000d5d80000,0x00000000d5d80000)
  from space 512K, 81% used [0x00000000d5e00000,0x00000000d5e68000,0x00000000d5e80000)
  to   space 512K, 0% used [0x00000000d5e80000,0x00000000d5e80000,0x00000000d5f00000)
 ParOldGen       total 478208K, used 477733K [0x0000000080000000, 0x000000009d300000, 0x00000000d5580000)
  object space 478208K, 99% used [0x0000000080000000,0x000000009d2894a0,0x000000009d300000)
 Metaspace       used 65079K, committed 66624K, reserved 1114112K
  class space    used 6701K, committed 7360K, reserved 1048576K
}
Event: 102.369 GC heap after
{Heap after GC invocations=1327 (full 3):
 PSYoungGen      total 8704K, used 288K [0x00000000d5580000, 0x00000000d5f00000, 0x0000000100000000)
  eden space 8192K, 0% used [0x00000000d5580000,0x00000000d5580000,0x00000000d5d80000)
  from space 512K, 56% used [0x00000000d5e80000,0x00000000d5ec8000,0x00000000d5f00000)
  to   space 512K, 0% used [0x00000000d5e00000,0x00000000d5e00000,0x00000000d5e80000)
 ParOldGen       total 478208K, used 477921K [0x0000000080000000, 0x000000009d300000, 0x00000000d5580000)
  object space 478208K, 99% used [0x0000000080000000,0x000000009d2b8680,0x000000009d300000)
 Metaspace       used 65079K, committed 66624K, reserved 1114112K
  class space    used 6701K, committed 7360K, reserved 1048576K
}
Event: 102.403 GC heap before
{Heap before GC invocations=1328 (full 3):
 PSYoungGen      total 8704K, used 8480K [0x00000000d5580000, 0x00000000d5f00000, 0x0000000100000000)
  eden space 8192K, 100% used [0x00000000d5580000,0x00000000d5d80000,0x00000000d5d80000)
  from space 512K, 56% used [0x00000000d5e80000,0x00000000d5ec8000,0x00000000d5f00000)
  to   space 512K, 0% used [0x00000000d5e00000,0x00000000d5e00000,0x00000000d5e80000)
 ParOldGen       total 478208K, used 477921K [0x0000000080000000, 0x000000009d300000, 0x00000000d5580000)
  object space 478208K, 99% used [0x0000000080000000,0x000000009d2b8680,0x000000009d300000)
 Metaspace       used 65088K, committed 66624K, reserved 1114112K
  class space    used 6701K, committed 7360K, reserved 1048576K
}
Event: 102.405 GC heap after
{Heap after GC invocations=1328 (full 3):
 PSYoungGen      total 8704K, used 512K [0x00000000d5580000, 0x00000000d6080000, 0x0000000100000000)
  eden space 8192K, 0% used [0x00000000d5580000,0x00000000d5580000,0x00000000d5d80000)
  from space 512K, 100% used [0x00000000d5e00000,0x00000000d5e80000,0x00000000d5e80000)
  to   space 1536K, 0% used [0x00000000d5f00000,0x00000000d5f00000,0x00000000d6080000)
 ParOldGen       total 478720K, used 478393K [0x0000000080000000, 0x000000009d380000, 0x00000000d5580000)
  object space 478720K, 99% used [0x0000000080000000,0x000000009d32e798,0x000000009d380000)
 Metaspace       used 65088K, committed 66624K, reserved 1114112K
  class space    used 6701K, committed 7360K, reserved 1048576K
}
Event: 102.421 GC heap before
{Heap before GC invocations=1329 (full 3):
 PSYoungGen      total 8704K, used 8704K [0x00000000d5580000, 0x00000000d6080000, 0x0000000100000000)
  eden space 8192K, 100% used [0x00000000d5580000,0x00000000d5d80000,0x00000000d5d80000)
  from space 512K, 100% used [0x00000000d5e00000,0x00000000d5e80000,0x00000000d5e80000)
  to   space 1536K, 0% used [0x00000000d5f00000,0x00000000d5f00000,0x00000000d6080000)
 ParOldGen       total 478720K, used 478393K [0x0000000080000000, 0x000000009d380000, 0x00000000d5580000)
  object space 478720K, 99% used [0x0000000080000000,0x000000009d32e798,0x000000009d380000)
 Metaspace       used 65093K, committed 66624K, reserved 1114112K
  class space    used 6701K, committed 7360K, reserved 1048576K
}
Event: 102.423 GC heap after
{Heap after GC invocations=1329 (full 3):
 PSYoungGen      total 9216K, used 894K [0x00000000d5580000, 0x00000000d6000000, 0x0000000100000000)
  eden space 8192K, 0% used [0x00000000d5580000,0x00000000d5580000,0x00000000d5d80000)
  from space 1024K, 87% used [0x00000000d5f00000,0x00000000d5fdfa00,0x00000000d6000000)
  to   space 1024K, 0% used [0x00000000d5e00000,0x00000000d5e00000,0x00000000d5f00000)
 ParOldGen       total 479232K, used 478812K [0x0000000080000000, 0x000000009d400000, 0x00000000d5580000)
  object space 479232K, 99% used [0x0000000080000000,0x000000009d3973c0,0x000000009d400000)
 Metaspace       used 65093K, committed 66624K, reserved 1114112K
  class space    used 6701K, committed 7360K, reserved 1048576K
}
Event: 102.438 GC heap before
{Heap before GC invocations=1330 (full 3):
 PSYoungGen      total 9216K, used 9027K [0x00000000d5580000, 0x00000000d6000000, 0x0000000100000000)
  eden space 8192K, 99% used [0x00000000d5580000,0x00000000d5d71568,0x00000000d5d80000)
  from space 1024K, 87% used [0x00000000d5f00000,0x00000000d5fdfa00,0x00000000d6000000)
  to   space 1024K, 0% used [0x00000000d5e00000,0x00000000d5e00000,0x00000000d5f00000)
 ParOldGen       total 479232K, used 478812K [0x0000000080000000, 0x000000009d400000, 0x00000000d5580000)
  object space 479232K, 99% used [0x0000000080000000,0x000000009d3973c0,0x000000009d400000)
 Metaspace       used 65101K, committed 66624K, reserved 1114112K
  class space    used 6701K, committed 7360K, reserved 1048576K
}
Event: 102.440 GC heap after
{Heap after GC invocations=1330 (full 3):
 PSYoungGen      total 9216K, used 1014K [0x00000000d5580000, 0x00000000d6180000, 0x0000000100000000)
  eden space 8192K, 0% used [0x00000000d5580000,0x00000000d5580000,0x00000000d5d80000)
  from space 1024K, 99% used [0x00000000d5e00000,0x00000000d5efd9b8,0x00000000d5f00000)
  to   space 2048K, 0% used [0x00000000d5f80000,0x00000000d5f80000,0x00000000d6180000)
 ParOldGen       total 479744K, used 479384K [0x0000000080000000, 0x000000009d480000, 0x00000000d5580000)
  object space 479744K, 99% used [0x0000000080000000,0x000000009d426270,0x000000009d480000)
 Metaspace       used 65101K, committed 66624K, reserved 1114112K
  class space    used 6701K, committed 7360K, reserved 1048576K
}
Event: 102.446 GC heap before
{Heap before GC invocations=1331 (full 3):
 PSYoungGen      total 9216K, used 9206K [0x00000000d5580000, 0x00000000d6180000, 0x0000000100000000)
  eden space 8192K, 100% used [0x00000000d5580000,0x00000000d5d80000,0x00000000d5d80000)
  from space 1024K, 99% used [0x00000000d5e00000,0x00000000d5efd9b8,0x00000000d5f00000)
  to   space 2048K, 0% used [0x00000000d5f80000,0x00000000d5f80000,0x00000000d6180000)
 ParOldGen       total 479744K, used 479384K [0x0000000080000000, 0x000000009d480000, 0x00000000d5580000)
  object space 479744K, 99% used [0x0000000080000000,0x000000009d426270,0x000000009d480000)
 Metaspace       used 65101K, committed 66624K, reserved 1114112K
  class space    used 6701K, committed 7360K, reserved 1048576K
}

