# JRE version: OpenJDK Runtime Environment Temurin-21.0.10+7 (21.0.10+7) (build 21.0.10+7-LTS)
# Java VM: OpenJDK 64-Bit Server VM Temurin-21.0.10+7 (21.0.10+7-LTS, mixed mode, sharing, tiered, compressed oops, compressed class ptrs, parallel gc, windows-amd64)
GC Precious Log:
 CardTable entry size: 512
 CPUs: 8 total, 8 available
 Memory: 16107M
 Large Page Support: Disabled
 NUMA Support: Disabled
 Compressed Oops: Enabled (32-bit)
 Alignments: Space 512K, Generation 512K, Heap 2M
 Heap Min Capacity: 100M
 Heap Initial Capacity: 100M
 Heap Max Capacity: 2G
 Pre-touch: Disabled
 Parallel Workers: 8
Heap:
 PSYoungGen      total 19456K, used 4836K [0x00000000d5580000, 0x00000000d6e00000, 0x0000000100000000)
  eden space 18944K, 23% used [0x00000000d5580000,0x00000000d59d3740,0x00000000d6800000)
  from space 512K, 96% used [0x00000000d6b00000,0x00000000d6b7c010,0x00000000d6b80000)
  to   space 3072K, 0% used [0x00000000d6800000,0x00000000d6800000,0x00000000d6b00000)
 ParOldGen       total 68608K, used 39032K [0x0000000080000000, 0x0000000084300000, 0x00000000d5580000)
  object space 68608K, 56% used [0x0000000080000000,0x000000008261e330,0x0000000084300000)
 Metaspace       used 36781K, committed 38016K, reserved 1114112K
  class space    used 3824K, committed 4352K, reserved 1048576K
GC Heap History (20 events):
Event: 6.915 GC heap before
{Heap before GC invocations=12 (full 1):
 PSYoungGen      total 23040K, used 23026K [0x00000000d5580000, 0x00000000d7a00000, 0x0000000100000000)
  eden space 18944K, 100% used [0x00000000d5580000,0x00000000d6800000,0x00000000d6800000)
  from space 4096K, 99% used [0x00000000d7000000,0x00000000d73fc9c8,0x00000000d7400000)
  to   space 8192K, 0% used [0x00000000d6800000,0x00000000d6800000,0x00000000d7000000)
 ParOldGen       total 68608K, used 21025K [0x0000000080000000, 0x0000000084300000, 0x00000000d5580000)
  object space 68608K, 30% used [0x0000000080000000,0x00000000814886c8,0x0000000084300000)
 Metaspace       used 25840K, committed 26752K, reserved 1114112K
  class space    used 2591K, committed 2944K, reserved 1048576K
}
Event: 6.918 GC heap after
{Heap after GC invocations=12 (full 1):
 PSYoungGen      total 20480K, used 1408K [0x00000000d5580000, 0x00000000d7080000, 0x0000000100000000)
  eden space 18944K, 0% used [0x00000000d5580000,0x00000000d5580000,0x00000000d6800000)
  from space 1536K, 91% used [0x00000000d6800000,0x00000000d6960000,0x00000000d6980000)
  to   space 3584K, 0% used [0x00000000d6d00000,0x00000000d6d00000,0x00000000d7080000)
 ParOldGen       total 68608K, used 24868K [0x0000000080000000, 0x0000000084300000, 0x00000000d5580000)
  object space 68608K, 36% used [0x0000000080000000,0x0000000081849248,0x0000000084300000)
 Metaspace       used 25840K, committed 26752K, reserved 1114112K
  class space    used 2591K, committed 2944K, reserved 1048576K
}
Event: 7.029 GC heap before
{Heap before GC invocations=13 (full 1):
 PSYoungGen      total 20480K, used 20352K [0x00000000d5580000, 0x00000000d7080000, 0x0000000100000000)
  eden space 18944K, 100% used [0x00000000d5580000,0x00000000d6800000,0x00000000d6800000)
  from space 1536K, 91% used [0x00000000d6800000,0x00000000d6960000,0x00000000d6980000)
  to   space 3584K, 0% used [0x00000000d6d00000,0x00000000d6d00000,0x00000000d7080000)
 ParOldGen       total 68608K, used 24868K [0x0000000080000000, 0x0000000084300000, 0x00000000d5580000)
  object space 68608K, 36% used [0x0000000080000000,0x0000000081849248,0x0000000084300000)
 Metaspace       used 27164K, committed 28032K, reserved 1114112K
  class space    used 2681K, committed 3008K, reserved 1048576K
}
Event: 7.031 GC heap after
{Heap after GC invocations=13 (full 1):
 PSYoungGen      total 20992K, used 1992K [0x00000000d5580000, 0x00000000d6f00000, 0x0000000100000000)
  eden space 18944K, 0% used [0x00000000d5580000,0x00000000d5580000,0x00000000d6800000)
  from space 2048K, 97% used [0x00000000d6d00000,0x00000000d6ef22b0,0x00000000d6f00000)
  to   space 2560K, 0% used [0x00000000d6a00000,0x00000000d6a00000,0x00000000d6c80000)
 ParOldGen       total 68608K, used 26130K [0x0000000080000000, 0x0000000084300000, 0x00000000d5580000)
  object space 68608K, 38% used [0x0000000080000000,0x0000000081984bc0,0x0000000084300000)
 Metaspace       used 27164K, committed 28032K, reserved 1114112K
  class space    used 2681K, committed 3008K, reserved 1048576K
}
Event: 7.318 GC heap before
{Heap before GC invocations=14 (full 1):
 PSYoungGen      total 20992K, used 20936K [0x00000000d5580000, 0x00000000d6f00000, 0x0000000100000000)
  eden space 18944K, 100% used [0x00000000d5580000,0x00000000d6800000,0x00000000d6800000)
  from space 2048K, 97% used [0x00000000d6d00000,0x00000000d6ef22b0,0x00000000d6f00000)
  to   space 2560K, 0% used [0x00000000d6a00000,0x00000000d6a00000,0x00000000d6c80000)
 ParOldGen       total 68608K, used 26130K [0x0000000080000000, 0x0000000084300000, 0x00000000d5580000)
  object space 68608K, 38% used [0x0000000080000000,0x0000000081984bc0,0x0000000084300000)
 Metaspace       used 28456K, committed 29376K, reserved 1114112K
  class space    used 2790K, committed 3136K, reserved 1048576K
}
Event: 7.321 GC heap after
{Heap after GC invocations=14 (full 1):
 PSYoungGen      total 21504K, used 2560K [0x00000000d5580000, 0x00000000d7200000, 0x0000000100000000)
  eden space 18944K, 0% used [0x00000000d5580000,0x00000000d5580000,0x00000000d6800000)
  from space 2560K, 100% used [0x00000000d6a00000,0x00000000d6c80000,0x00000000d6c80000)
  to   space 5120K, 0% used [0x00000000d6d00000,0x00000000d6d00000,0x00000000d7200000)
 ParOldGen       total 68608K, used 27947K [0x0000000080000000, 0x0000000084300000, 0x00000000d5580000)
  object space 68608K, 40% used [0x0000000080000000,0x0000000081b4adc0,0x0000000084300000)
 Metaspace       used 28456K, committed 29376K, reserved 1114112K
  class space    used 2790K, committed 3136K, reserved 1048576K
}
Event: 7.411 GC heap before
{Heap before GC invocations=15 (full 1):
 PSYoungGen      total 21504K, used 21504K [0x00000000d5580000, 0x00000000d7200000, 0x0000000100000000)
  eden space 18944K, 100% used [0x00000000d5580000,0x00000000d6800000,0x00000000d6800000)
  from space 2560K, 100% used [0x00000000d6a00000,0x00000000d6c80000,0x00000000d6c80000)
  to   space 5120K, 0% used [0x00000000d6d00000,0x00000000d6d00000,0x00000000d7200000)
 ParOldGen       total 68608K, used 27947K [0x0000000080000000, 0x0000000084300000, 0x00000000d5580000)
  object space 68608K, 40% used [0x0000000080000000,0x0000000081b4adc0,0x0000000084300000)
 Metaspace       used 28584K, committed 29568K, reserved 1114112K
  class space    used 2790K, committed 3136K, reserved 1048576K
}
Event: 7.415 GC heap after
{Heap after GC invocations=15 (full 1):
 PSYoungGen      total 23040K, used 3968K [0x00000000d5580000, 0x00000000d7100000, 0x0000000100000000)
  eden space 18944K, 0% used [0x00000000d5580000,0x00000000d5580000,0x00000000d6800000)
  from space 4096K, 96% used [0x00000000d6d00000,0x00000000d70e0000,0x00000000d7100000)
  to   space 4608K, 0% used [0x00000000d6800000,0x00000000d6800000,0x00000000d6c80000)
 ParOldGen       total 68608K, used 30405K [0x0000000080000000, 0x0000000084300000, 0x00000000d5580000)
  object space 68608K, 44% used [0x0000000080000000,0x0000000081db1620,0x0000000084300000)
 Metaspace       used 28584K, committed 29568K, reserved 1114112K
  class space    used 2790K, committed 3136K, reserved 1048576K
}
Event: 7.480 GC heap before
{Heap before GC invocations=16 (full 1):
 PSYoungGen      total 23040K, used 22912K [0x00000000d5580000, 0x00000000d7100000, 0x0000000100000000)
  eden space 18944K, 100% used [0x00000000d5580000,0x00000000d6800000,0x00000000d6800000)
  from space 4096K, 96% used [0x00000000d6d00000,0x00000000d70e0000,0x00000000d7100000)
  to   space 4608K, 0% used [0x00000000d6800000,0x00000000d6800000,0x00000000d6c80000)
 ParOldGen       total 68608K, used 30405K [0x0000000080000000, 0x0000000084300000, 0x00000000d5580000)
  object space 68608K, 44% used [0x0000000080000000,0x0000000081db1620,0x0000000084300000)
 Metaspace       used 28624K, committed 29632K, reserved 1114112K
  class space    used 2792K, committed 3136K, reserved 1048576K
}
Event: 7.484 GC heap after
{Heap after GC invocations=16 (full 1):
 PSYoungGen      total 23040K, used 3936K [0x00000000d5580000, 0x00000000d7000000, 0x0000000100000000)
  eden space 18944K, 0% used [0x00000000d5580000,0x00000000d5580000,0x00000000d6800000)
  from space 4096K, 96% used [0x00000000d6800000,0x00000000d6bd8000,0x00000000d6c00000)
  to   space 4096K, 0% used [0x00000000d6c00000,0x00000000d6c00000,0x00000000d7000000)
 ParOldGen       total 68608K, used 34281K [0x0000000080000000, 0x0000000084300000, 0x00000000d5580000)
  object space 68608K, 49% used [0x0000000080000000,0x000000008217a6e0,0x0000000084300000)
 Metaspace       used 28624K, committed 29632K, reserved 1114112K
  class space    used 2792K, committed 3136K, reserved 1048576K
}
Event: 7.777 GC heap before
{Heap before GC invocations=17 (full 1):
 PSYoungGen      total 23040K, used 22880K [0x00000000d5580000, 0x00000000d7000000, 0x0000000100000000)
  eden space 18944K, 100% used [0x00000000d5580000,0x00000000d6800000,0x00000000d6800000)
  from space 4096K, 96% used [0x00000000d6800000,0x00000000d6bd8000,0x00000000d6c00000)
  to   space 4096K, 0% used [0x00000000d6c00000,0x00000000d6c00000,0x00000000d7000000)
 ParOldGen       total 68608K, used 34281K [0x0000000080000000, 0x0000000084300000, 0x00000000d5580000)
  object space 68608K, 49% used [0x0000000080000000,0x000000008217a6e0,0x0000000084300000)
 Metaspace       used 31287K, committed 32320K, reserved 1114112K
  class space    used 3105K, committed 3520K, reserved 1048576K
}
Event: 7.781 GC heap after
{Heap after GC invocations=17 (full 1):
 PSYoungGen      total 20480K, used 1198K [0x00000000d5580000, 0x00000000d6d80000, 0x0000000100000000)
  eden space 18944K, 0% used [0x00000000d5580000,0x00000000d5580000,0x00000000d6800000)
  from space 1536K, 78% used [0x00000000d6c00000,0x00000000d6d2bbf8,0x00000000d6d80000)
  to   space 2560K, 0% used [0x00000000d6880000,0x00000000d6880000,0x00000000d6b00000)
 ParOldGen       total 68608K, used 38125K [0x0000000080000000, 0x0000000084300000, 0x00000000d5580000)
  object space 68608K, 55% used [0x0000000080000000,0x000000008253b750,0x0000000084300000)
 Metaspace       used 31287K, committed 32320K, reserved 1114112K
  class space    used 3105K, committed 3520K, reserved 1048576K
}
Event: 7.949 GC heap before
{Heap before GC invocations=18 (full 1):
 PSYoungGen      total 20480K, used 20142K [0x00000000d5580000, 0x00000000d6d80000, 0x0000000100000000)
  eden space 18944K, 100% used [0x00000000d5580000,0x00000000d6800000,0x00000000d6800000)
  from space 1536K, 78% used [0x00000000d6c00000,0x00000000d6d2bbf8,0x00000000d6d80000)
  to   space 2560K, 0% used [0x00000000d6880000,0x00000000d6880000,0x00000000d6b00000)
 ParOldGen       total 68608K, used 38125K [0x0000000080000000, 0x0000000084300000, 0x00000000d5580000)
  object space 68608K, 55% used [0x0000000080000000,0x000000008253b750,0x0000000084300000)
 Metaspace       used 33512K, committed 34688K, reserved 1114112K
  class space    used 3389K, committed 3840K, reserved 1048576K
}
Event: 7.951 GC heap after
{Heap after GC invocations=18 (full 1):
 PSYoungGen      total 21504K, used 1137K [0x00000000d5580000, 0x00000000d6c80000, 0x0000000100000000)
  eden space 18944K, 0% used [0x00000000d5580000,0x00000000d5580000,0x00000000d6800000)
  from space 2560K, 44% used [0x00000000d6880000,0x00000000d699c648,0x00000000d6b00000)
  to   space 1536K, 0% used [0x00000000d6b00000,0x00000000d6b00000,0x00000000d6c80000)
 ParOldGen       total 68608K, used 39215K [0x0000000080000000, 0x0000000084300000, 0x00000000d5580000)
  object space 68608K, 57% used [0x0000000080000000,0x000000008264bd90,0x0000000084300000)
 Metaspace       used 33512K, committed 34688K, reserved 1114112K
  class space    used 3389K, committed 3840K, reserved 1048576K
}
Event: 8.038 GC heap before
{Heap before GC invocations=19 (full 1):
 PSYoungGen      total 21504K, used 18414K [0x00000000d5580000, 0x00000000d6c80000, 0x0000000100000000)
  eden space 18944K, 91% used [0x00000000d5580000,0x00000000d665f3d0,0x00000000d6800000)
  from space 2560K, 44% used [0x00000000d6880000,0x00000000d699c648,0x00000000d6b00000)
  to   space 1536K, 0% used [0x00000000d6b00000,0x00000000d6b00000,0x00000000d6c80000)
 ParOldGen       total 68608K, used 39215K [0x0000000080000000, 0x0000000084300000, 0x00000000d5580000)
  object space 68608K, 57% used [0x0000000080000000,0x000000008264bd90,0x0000000084300000)
 Metaspace       used 34746K, committed 35904K, reserved 1114112K
  class space    used 3551K, committed 4032K, reserved 1048576K
}
Event: 8.040 GC heap after
{Heap after GC invocations=19 (full 1):
 PSYoungGen      total 19968K, used 665K [0x00000000d5580000, 0x00000000d6c00000, 0x0000000100000000)
  eden space 18944K, 0% used [0x00000000d5580000,0x00000000d5580000,0x00000000d6800000)
  from space 1024K, 64% used [0x00000000d6b00000,0x00000000d6ba65d0,0x00000000d6c00000)
  to   space 1024K, 0% used [0x00000000d6a00000,0x00000000d6a00000,0x00000000d6b00000)
 ParOldGen       total 68608K, used 40149K [0x0000000080000000, 0x0000000084300000, 0x00000000d5580000)
  object space 68608K, 58% used [0x0000000080000000,0x0000000082735530,0x0000000084300000)
 Metaspace       used 34746K, committed 35904K, reserved 1114112K
  class space    used 3551K, committed 4032K, reserved 1048576K
}
Event: 8.073 GC heap before
{Heap before GC invocations=20 (full 1):
 PSYoungGen      total 19968K, used 3445K [0x00000000d5580000, 0x00000000d6c00000, 0x0000000100000000)
  eden space 18944K, 14% used [0x00000000d5580000,0x00000000d5837068,0x00000000d6800000)
  from space 1024K, 64% used [0x00000000d6b00000,0x00000000d6ba65d0,0x00000000d6c00000)
  to   space 1024K, 0% used [0x00000000d6a00000,0x00000000d6a00000,0x00000000d6b00000)
 ParOldGen       total 68608K, used 40149K [0x0000000080000000, 0x0000000084300000, 0x00000000d5580000)
  object space 68608K, 58% used [0x0000000080000000,0x0000000082735530,0x0000000084300000)
 Metaspace       used 35061K, committed 36160K, reserved 1114112K
  class space    used 3588K, committed 4032K, reserved 1048576K
}
Event: 8.074 GC heap after
{Heap after GC invocations=20 (full 1):
 PSYoungGen      total 19968K, used 320K [0x00000000d5580000, 0x00000000d6b80000, 0x0000000100000000)
  eden space 18944K, 0% used [0x00000000d5580000,0x00000000d5580000,0x00000000d6800000)
  from space 1024K, 31% used [0x00000000d6a00000,0x00000000d6a50000,0x00000000d6b00000)
  to   space 512K, 0% used [0x00000000d6b00000,0x00000000d6b00000,0x00000000d6b80000)
 ParOldGen       total 68608K, used 40710K [0x0000000080000000, 0x0000000084300000, 0x00000000d5580000)
  object space 68608K, 59% used [0x0000000080000000,0x00000000827c1b00,0x0000000084300000)
 Metaspace       used 35061K, committed 36160K, reserved 1114112K
  class space    used 3588K, committed 4032K, reserved 1048576K
}
Event: 8.074 GC heap before
{Heap before GC invocations=21 (full 2):
 PSYoungGen      total 19968K, used 320K [0x00000000d5580000, 0x00000000d6b80000, 0x0000000100000000)
  eden space 18944K, 0% used [0x00000000d5580000,0x00000000d5580000,0x00000000d6800000)
  from space 1024K, 31% used [0x00000000d6a00000,0x00000000d6a50000,0x00000000d6b00000)
  to   space 512K, 0% used [0x00000000d6b00000,0x00000000d6b00000,0x00000000d6b80000)
 ParOldGen       total 68608K, used 40710K [0x0000000080000000, 0x0000000084300000, 0x00000000d5580000)
  object space 68608K, 59% used [0x0000000080000000,0x00000000827c1b00,0x0000000084300000)
 Metaspace       used 35061K, committed 36160K, reserved 1114112K
  class space    used 3588K, committed 4032K, reserved 1048576K
}
Event: 8.127 GC heap after
{Heap after GC invocations=21 (full 2):
 PSYoungGen      total 19968K, used 0K [0x00000000d5580000, 0x00000000d6b80000, 0x0000000100000000)
  eden space 18944K, 0% used [0x00000000d5580000,0x00000000d5580000,0x00000000d6800000)
  from space 1024K, 0% used [0x00000000d6a00000,0x00000000d6a00000,0x00000000d6b00000)
  to   space 512K, 0% used [0x00000000d6b00000,0x00000000d6b00000,0x00000000d6b80000)
 ParOldGen       total 68608K, used 37266K [0x0000000080000000, 0x0000000084300000, 0x00000000d5580000)
  object space 68608K, 54% used [0x0000000080000000,0x0000000082464b30,0x0000000084300000)
 Metaspace       used 35061K, committed 36160K, reserved 1114112K
  class space    used 3588K, committed 4032K, reserved 1048576K
}

